d:\project\projectn\projectn\server\lowlib\debug\lowlib.pdb
d:\project\projectn\projectn\server\lowlib\debug\lowlib.idb
d:\project\projectn\projectn\server\lowlib\debug\circularqueue.obj
d:\project\projectn\projectn\server\lowlib\debug\crypt.obj
d:\project\projectn\projectn\server\lowlib\debug\eventselect.obj
d:\project\projectn\projectn\server\lowlib\debug\inifile.obj
d:\project\projectn\projectn\server\lowlib\debug\iocp.obj
d:\project\projectn\projectn\server\lowlib\debug\minidump.obj
d:\project\projectn\projectn\server\lowlib\debug\networksession.obj
d:\project\projectn\projectn\server\lowlib\debug\packetsession.obj
d:\project\projectn\projectn\server\lowlib\debug\random.obj
d:\project\projectn\projectn\server\lowlib\debug\registry.obj
d:\project\projectn\projectn\server\lowlib\debug\service.obj
d:\project\projectn\projectn\server\lowlib\debug\stdafx.obj
d:\project\projectn\projectn\server\lowlib\debug\stream.obj
d:\project\projectn\projectn\server\debug\lowlib.lib
d:\project\projectn\projectn\server\lowlib\debug\lowlib.tlog\cl.command.1.tlog
d:\project\projectn\projectn\server\lowlib\debug\lowlib.tlog\cl.read.1.tlog
d:\project\projectn\projectn\server\lowlib\debug\lowlib.tlog\cl.write.1.tlog
d:\project\projectn\projectn\server\lowlib\debug\lowlib.tlog\lib-link.read.1.tlog
d:\project\projectn\projectn\server\lowlib\debug\lowlib.tlog\lib-link.write.1.tlog
d:\project\projectn\projectn\server\lowlib\debug\lowlib.tlog\lib.command.1.tlog
