d:\projectn\projectn\client\include\debug\client.pch
d:\projectn\projectn\client\include\debug\vc140.pdb
d:\projectn\projectn\client\include\debug\vc140.idb
d:\projectn\projectn\client\include\debug\stdafx.obj
d:\projectn\projectn\client\include\debug\boxmesh.obj
d:\projectn\projectn\client\include\debug\client.obj
d:\projectn\projectn\client\include\debug\dxframework.obj
d:\projectn\projectn\client\include\debug\input.obj
d:\projectn\projectn\client\include\debug\framework.obj
d:\projectn\projectn\client\include\debug\gameobject.obj
d:\projectn\projectn\client\include\debug\mesh.obj
d:\projectn\projectn\client\include\debug\meshmanager.obj
d:\projectn\projectn\client\include\debug\gamescene.obj
d:\projectn\projectn\client\include\debug\player.obj
d:\projectn\projectn\client\include\debug\scenemanager.obj
d:\projectn\projectn\client\include\debug\terrain.obj
d:\projectn\projectn\client\include\debug\terrainmesh.obj
d:\projectn\projectn\client\include\debug\timemanager.obj
d:\projectn\projectn\client\include\debug\training.obj
d:\projectn\projectn\client\include\debug\camera.obj
d:\projectn\projectn\client\include\debug\cameramanager.obj
d:\projectn\projectn\client\include\debug\firstperson.obj
d:\projectn\projectn\client\include\debug\objectmanager.obj
d:\projectn\projectn\client\include\debug\client.res
d:\projectn\projectn\client\include\debug\client.tlog\cl.command.1.tlog
d:\projectn\projectn\client\include\debug\client.tlog\cl.read.1.tlog
d:\projectn\projectn\client\include\debug\client.tlog\cl.write.1.tlog
d:\projectn\projectn\client\include\debug\client.tlog\link.command.1.tlog
d:\projectn\projectn\client\include\debug\client.tlog\link.read.1.tlog
d:\projectn\projectn\client\include\debug\client.tlog\link.write.1.tlog
d:\projectn\projectn\client\include\debug\client.tlog\rc.command.1.tlog
d:\projectn\projectn\client\include\debug\client.tlog\rc.read.1.tlog
d:\projectn\projectn\client\include\debug\client.tlog\rc.write.1.tlog
