C:\Program Files (x86)\MSBuild\Microsoft.Cpp\v4.0\V140\Microsoft.CppBuild.targets(368,5): warning MSB8004: Output Directory does not end with a trailing slash.  This build instance will add the slash as it is required to allow proper evaluation of the Output Directory.
  stdafx.cpp
  SortManager.cpp
  BackView.cpp
  코드를 생성하고 있습니다...
  컴파일하고 있습니다...
  Training.cpp
  Terrain.cpp
  SceneManager.cpp
  Player.cpp
  ObjectManager.cpp
  GameScene.cpp
  GameObject.cpp
  Framework.cpp
  FirstPerson.cpp
  Client.cpp
  CameraManager.cpp
  Camera.cpp
  코드를 생성하고 있습니다...
  건너뛰고 있습니다... (관련된 변경 내용 없음)
  TimeManager.cpp
  TerrainMesh.cpp
  ShaderManager.cpp
  Shader.cpp
  MeshManager.cpp
  Mesh.cpp
  Input.cpp
  DXFramework.cpp
  BoxMesh.cpp
  Client.vcxproj -> D:\ProjectN\ProjectN\Client\Include\../bin\Client.exe
